TRACE - Entrando na tela loginOperador... 
TRACE - Consultando Operador... 
TRACE - Retorno: 
TRACE - Consultando Operador... 
TRACE - Retorno: 
TRACE - Entrando na tela loginOperador... 
TRACE - Consultando Operador... 
TRACE - Retorno: 
TRACE - Consultando Operador... 
TRACE - Retorno: 
TRACE - Consultando Operador... 
TRACE - Retorno: 
TRACE - Entrando na tela loginOperador... 
TRACE - Consultando Operador... 
TRACE - Retorno: 
TRACE - Consultando Operador... 
TRACE - Retorno: Array
(
    [0] => 3418
    [ID_USUARIO] => 3418
    [1] => 1
    [IN_TELEMARKETING] => 1
    [2] => 1
    [IN_PDV] => 1
)

TRACE - Erro no pagarme... PagarMe_Exception Object
(
    [url:protected] => 
    [method:protected] => 
    [return_code:protected] => 
    [parameter_name:protected] => 
    [type:protected] => 
    [errors:protected] => 
    [message:protected] => Internal server error

    [string:Exception:private] => 
    [code:protected] => 0
    [file:protected] => /var/www/html/settings/pagarme/lib/Pagarme/Model.php
    [line:protected] => 24
    [trace:Exception:private] => Array
        (
            [0] => Array
                (
                    [file] => /var/www/html/settings/pagarme/lib/Pagarme/CardHashCommon.php
                    [line] => 32
                    [function] => create
                    [class] => PagarMe_Model
                    [type] => ->
                    [args] => Array
                        (
                        )

                )

            [1] => Array
                (
                    [file] => /var/www/html/settings/pagarme/lib/Pagarme/TransactionCommon.php
                    [line] => 37
                    [function] => create
                    [class] => PagarMe_CardHashCommon
                    [type] => ->
                    [args] => Array
                        (
                        )

                )

            [2] => Array
                (
                    [file] => /var/www/html/settings/pagarme/lib/Pagarme/Transaction.php
                    [line] => 7
                    [function] => create
                    [class] => PagarMe_TransactionCommon
                    [type] => ->
                    [args] => Array
                        (
                        )

                )

            [3] => Array
                (
                    [file] => /var/www/html/settings/pagarme_functions.php
                    [line] => 159
                    [function] => charge
                    [class] => PagarMe_Transaction
                    [type] => ->
                    [args] => Array
                        (
                        )

                )

            [4] => Array
                (
                    [file] => /var/www/html/comprar/processarDadosCompra.php
                    [line] => 706
                    [function] => pagarPedidoPagarme
                    [args] => Array
                        (
                            [0] => 1077522
                            [1] => Array
                                (
                                    [paypal_data] => 
                                    [paypal_payment] => 
                                    [usuario_pdv] => 0
                                    [codCartao] => 910
                                    [nomeCartao] => matt murodkc
                                    [parcelas] => 1
                                    [numCartao] => 4242424242424242
                                    [codSeguranca] => 123
                                    [validadeMes] => 01
                                    [validadeAno] => 2019
                                    [nomePresente] => 
                                    [emailPresente] => 
                                )

                        )

                )

            [5] => Array
                (
                    [file] => /var/www/html/comprar/formCartao.php
                    [line] => 15
                    [args] => Array
                        (
                            [0] => /var/www/html/comprar/processarDadosCompra.php
                        )

                    [function] => require
                )

        )

    [previous:Exception:private] => 
)

TRACE - Entrando na tela loginOperador... 
TRACE - Consultando Operador... 
TRACE - Retorno: Array
(
    [0] => 2402
    [ID_USUARIO] => 2402
    [1] => 1
    [IN_TELEMARKETING] => 1
    [2] => 1
    [IN_PDV] => 1
)

TRACE - Erro no pagarme... PagarMe_Exception Object
(
    [url:protected] => 
    [method:protected] => 
    [return_code:protected] => 
    [parameter_name:protected] => 
    [type:protected] => 
    [errors:protected] => 
    [message:protected] => Internal server error

    [string:Exception:private] => 
    [code:protected] => 0
    [file:protected] => /var/www/html/settings/pagarme/lib/Pagarme/Model.php
    [line:protected] => 24
    [trace:Exception:private] => Array
        (
            [0] => Array
                (
                    [file] => /var/www/html/settings/pagarme/lib/Pagarme/CardHashCommon.php
                    [line] => 32
                    [function] => create
                    [class] => PagarMe_Model
                    [type] => ->
                    [args] => Array
                        (
                        )

                )

            [1] => Array
                (
                    [file] => /var/www/html/settings/pagarme/lib/Pagarme/TransactionCommon.php
                    [line] => 37
                    [function] => create
                    [class] => PagarMe_CardHashCommon
                    [type] => ->
                    [args] => Array
                        (
                        )

                )

            [2] => Array
                (
                    [file] => /var/www/html/settings/pagarme/lib/Pagarme/Transaction.php
                    [line] => 7
                    [function] => create
                    [class] => PagarMe_TransactionCommon
                    [type] => ->
                    [args] => Array
                        (
                        )

                )

            [3] => Array
                (
                    [file] => /var/www/html/settings/pagarme_functions.php
                    [line] => 159
                    [function] => charge
                    [class] => PagarMe_Transaction
                    [type] => ->
                    [args] => Array
                        (
                        )

                )

            [4] => Array
                (
                    [file] => /var/www/html/comprar/processarDadosCompra.php
                    [line] => 706
                    [function] => pagarPedidoPagarme
                    [args] => Array
                        (
                            [0] => 1077523
                            [1] => Array
                                (
                                    [paypal_data] => 
                                    [paypal_payment] => 
                                    [usuario_pdv] => 0
                                    [codCartao] => 910
                                    [nomeCartao] => matt murdock
                                    [parcelas] => 1
                                    [numCartao] => 4242424242424242
                                    [codSeguranca] => 123
                                    [validadeMes] => 01
                                    [validadeAno] => 2020
                                    [nomePresente] => 
                                    [emailPresente] => 
                                )

                        )

                )

            [5] => Array
                (
                    [file] => /var/www/html/comprar/formCartao.php
                    [line] => 15
                    [args] => Array
                        (
                            [0] => /var/www/html/comprar/processarDadosCompra.php
                        )

                    [function] => require
                )

        )

    [previous:Exception:private] => 
)

TRACE - Erro no pagarme... PagarMe_Exception Object
(
    [url:protected] => 
    [method:protected] => 
    [return_code:protected] => 
    [parameter_name:protected] => 
    [type:protected] => 
    [errors:protected] => 
    [message:protected] => Internal server error

    [string:Exception:private] => 
    [code:protected] => 0
    [file:protected] => /var/www/html/settings/pagarme/lib/Pagarme/Model.php
    [line:protected] => 24
    [trace:Exception:private] => Array
        (
            [0] => Array
                (
                    [file] => /var/www/html/settings/pagarme/lib/Pagarme/CardHashCommon.php
                    [line] => 32
                    [function] => create
                    [class] => PagarMe_Model
                    [type] => ->
                    [args] => Array
                        (
                        )

                )

            [1] => Array
                (
                    [file] => /var/www/html/settings/pagarme/lib/Pagarme/TransactionCommon.php
                    [line] => 37
                    [function] => create
                    [class] => PagarMe_CardHashCommon
                    [type] => ->
                    [args] => Array
                        (
                        )

                )

            [2] => Array
                (
                    [file] => /var/www/html/settings/pagarme/lib/Pagarme/Transaction.php
                    [line] => 7
                    [function] => create
                    [class] => PagarMe_TransactionCommon
                    [type] => ->
                    [args] => Array
                        (
                        )

                )

            [3] => Array
                (
                    [file] => /var/www/html/settings/pagarme_functions.php
                    [line] => 159
                    [function] => charge
                    [class] => PagarMe_Transaction
                    [type] => ->
                    [args] => Array
                        (
                        )

                )

            [4] => Array
                (
                    [file] => /var/www/html/comprar/processarDadosCompra.php
                    [line] => 706
                    [function] => pagarPedidoPagarme
                    [args] => Array
                        (
                            [0] => 1077523
                            [1] => Array
                                (
                                    [paypal_data] => 
                                    [paypal_payment] => 
                                    [usuario_pdv] => 0
                                    [codCartao] => 910
                                    [nomeCartao] => matt murdock
                                    [parcelas] => 1
                                    [numCartao] => 4242424242424242
                                    [codSeguranca] => 123
                                    [validadeMes] => 03
                                    [validadeAno] => 2021
                                    [nomePresente] => 
                                    [emailPresente] => 
                                )

                        )

                )

            [5] => Array
                (
                    [file] => /var/www/html/comprar/formCartao.php
                    [line] => 15
                    [args] => Array
                        (
                            [0] => /var/www/html/comprar/processarDadosCompra.php
                        )

                    [function] => require
                )

        )

    [previous:Exception:private] => 
)

